<?xml version="1.0" encoding="UTF-8"?>
<!-- Generated by org.testng.reporters.JUnitXMLReporter -->
<testsuite hostname="INMUWLAP1693" name="Default test" tests="5" failures="0" timestamp="17 Mar 2021 15:35:55 GMT" time="19.413" errors="0">
  <testcase name="verifyTitle" time="9.773" classname="pkgGitTest.OrangeHRM"/>
  <testcase name="loginApplication" time="6.93" classname="pkgGitTest.OrangeHRM"/>
  <testcase name="verifyAfterLogin" time="0.025" classname="pkgGitTest.OrangeHRM"/>
  <testcase name="logoutFromApp" time="2.627" classname="pkgGitTest.OrangeHRM"/>
  <testcase name="verifyAfterLogout" time="0.018" classname="pkgGitTest.OrangeHRM"/>
</testsuite> <!-- Default test -->
