<?xml version="1.0" encoding="UTF-8"?>
<testsuite xmlns:xsi="http://www.w3.org/2001/XMLSchema-instance" xsi:noNamespaceSchemaLocation="https://maven.apache.org/surefire/maven-surefire-plugin/xsd/surefire-test-report-3.0.xsd" version="3.0" name="TestSuite" time="48.233" tests="5" errors="0" skipped="0" failures="0">
  <properties>
[...]
</properties>
  <testcase name="verifyTitle" classname="pkgGitTest.OrangeHRM" time="25.478">
    <system-out><![CDATA[Test1 is verified
]]></system-out>
    <system-err><![CDATA[Starting ChromeDriver 89.0.4389.23 (61b08ee2c50024bab004e48d2b1b083cdbdac579-refs/branch-heads/4389@{#294}) on port 5168
Only local connections are allowed.
Please see https://chromedriver.chromium.org/security-considerations for suggestions on keeping ChromeDriver safe.
ChromeDriver was started successfully.
Mar 17, 2021 9:10:00 PM org.openqa.selenium.remote.ProtocolHandshake createSession
INFO: Detected dialect: W3C
]]></system-err>
  </testcase>
  <testcase name="loginApplication" classname="pkgGitTest.OrangeHRM" time="10.229"/>
  <testcase name="verifyAfterLogin" classname="pkgGitTest.OrangeHRM" time="0.022">
    <system-out><![CDATA[Test3 verfified
]]></system-out>
  </testcase>
  <testcase name="logoutFromApp" classname="pkgGitTest.OrangeHRM" time="2.724"/>
  <testcase name="verifyAfterLogout" classname="pkgGitTest.OrangeHRM" time="5.988">
    <system-out><![CDATA[Test5 is verified
]]></system-out>
  </testcase>
</testsuite>