<?xml version="1.0" encoding="UTF-8"?>
<!-- Generated by org.testng.reporters.JUnitXMLReporter -->
<testsuite hostname="INMUWLAP1693" name="Test" tests="5" failures="0" timestamp="17 Mar 2021 15:38:21 GMT" time="29.68" errors="0">
  <testcase name="verifyTitle" time="12.179" classname="pkgGitTest.OrangeHRM"/>
  <testcase name="loginApplication" time="9.292" classname="pkgGitTest.OrangeHRM"/>
  <testcase name="verifyAfterLogin" time="0.014" classname="pkgGitTest.OrangeHRM"/>
  <testcase name="logoutFromApp" time="2.213" classname="pkgGitTest.OrangeHRM"/>
  <testcase name="verifyAfterLogout" time="5.947" classname="pkgGitTest.OrangeHRM"/>
</testsuite> <!-- Test -->
